[21:43:55] [main/INFO] [GradleStart]: Extra: []
[21:43:55] [main/INFO] [GradleStart]: Running with arguments: [--userProperties, {}, --accessToken, {REDACTED}, --assetIndex, 1.7.10, --assetsDir, /Users/manszivkovicandersen/.gradle/caches/minecraft/assets, --version, 1.7.10, --tweakClass, cpw.mods.fml.common.launcher.FMLTweaker, --tweakClass, net.minecraftforge.gradle.GradleStartCommon$GradleStartTweaker]
[21:43:55] [main/INFO] [LaunchWrapper]: Loading tweak class name cpw.mods.fml.common.launcher.FMLTweaker
[21:43:55] [main/INFO] [LaunchWrapper]: Using primary tweak class name cpw.mods.fml.common.launcher.FMLTweaker
[21:43:55] [main/INFO] [LaunchWrapper]: Loading tweak class name net.minecraftforge.gradle.GradleStartCommon$GradleStartTweaker
[21:43:55] [main/INFO] [LaunchWrapper]: Calling tweak class cpw.mods.fml.common.launcher.FMLTweaker
[10:54:23] [main/INFO] [GradleStart]: Extra: []
[10:54:23] [main/INFO] [GradleStart]: Running with arguments: [--userProperties, {}, --accessToken, {REDACTED}, --assetIndex, 1.7.10, --assetsDir, /Users/manszivkovicandersen/.gradle/caches/minecraft/assets, --version, 1.7.10, --tweakClass, cpw.mods.fml.common.launcher.FMLTweaker, --tweakClass, net.minecraftforge.gradle.GradleStartCommon$GradleStartTweaker]
[10:54:23] [main/INFO] [LaunchWrapper]: Loading tweak class name cpw.mods.fml.common.launcher.FMLTweaker
[10:54:23] [main/INFO] [LaunchWrapper]: Using primary tweak class name cpw.mods.fml.common.launcher.FMLTweaker
[10:54:23] [main/INFO] [LaunchWrapper]: Loading tweak class name net.minecraftforge.gradle.GradleStartCommon$GradleStartTweaker
[10:54:23] [main/INFO] [LaunchWrapper]: Calling tweak class cpw.mods.fml.common.launcher.FMLTweaker
[19:12:42] [main/INFO] [GradleStart]: Extra: []
[19:12:42] [main/INFO] [GradleStart]: Running with arguments: [--userProperties, {}, --accessToken, {REDACTED}, --assetIndex, 1.7.10, --assetsDir, /Users/manszivkovicandersen/.gradle/caches/minecraft/assets, --version, 1.7.10, --tweakClass, cpw.mods.fml.common.launcher.FMLTweaker, --tweakClass, net.minecraftforge.gradle.GradleStartCommon$GradleStartTweaker]
[19:12:42] [main/INFO] [LaunchWrapper]: Loading tweak class name cpw.mods.fml.common.launcher.FMLTweaker
[19:12:42] [main/INFO] [LaunchWrapper]: Using primary tweak class name cpw.mods.fml.common.launcher.FMLTweaker
[19:12:42] [main/INFO] [LaunchWrapper]: Loading tweak class name net.minecraftforge.gradle.GradleStartCommon$GradleStartTweaker
[19:12:42] [main/INFO] [LaunchWrapper]: Calling tweak class cpw.mods.fml.common.launcher.FMLTweaker
[22:11:44] [main/INFO] [GradleStart]: Extra: []
[22:11:44] [main/INFO] [GradleStart]: Running with arguments: [--userProperties, {}, --accessToken, {REDACTED}, --assetIndex, 1.7.10, --assetsDir, /Users/manszivkovicandersen/.gradle/caches/minecraft/assets, --version, 1.7.10, --tweakClass, cpw.mods.fml.common.launcher.FMLTweaker, --tweakClass, net.minecraftforge.gradle.GradleStartCommon$GradleStartTweaker]
[22:11:44] [main/INFO] [LaunchWrapper]: Loading tweak class name cpw.mods.fml.common.launcher.FMLTweaker
[22:11:44] [main/INFO] [LaunchWrapper]: Using primary tweak class name cpw.mods.fml.common.launcher.FMLTweaker
[22:11:44] [main/INFO] [LaunchWrapper]: Loading tweak class name net.minecraftforge.gradle.GradleStartCommon$GradleStartTweaker
[22:11:44] [main/INFO] [LaunchWrapper]: Calling tweak class cpw.mods.fml.common.launcher.FMLTweaker
[22:13:11] [main/INFO] [GradleStart]: Extra: []
[22:13:12] [main/INFO] [GradleStart]: Running with arguments: [--userProperties, {}, --accessToken, {REDACTED}, --assetIndex, 1.7.10, --assetsDir, /Users/manszivkovicandersen/.gradle/caches/minecraft/assets, --version, 1.7.10, --tweakClass, cpw.mods.fml.common.launcher.FMLTweaker, --tweakClass, net.minecraftforge.gradle.GradleStartCommon$GradleStartTweaker]
[22:13:12] [main/INFO] [LaunchWrapper]: Loading tweak class name cpw.mods.fml.common.launcher.FMLTweaker
[22:13:12] [main/INFO] [LaunchWrapper]: Using primary tweak class name cpw.mods.fml.common.launcher.FMLTweaker
[22:13:12] [main/INFO] [LaunchWrapper]: Loading tweak class name net.minecraftforge.gradle.GradleStartCommon$GradleStartTweaker
[22:13:12] [main/INFO] [LaunchWrapper]: Calling tweak class cpw.mods.fml.common.launcher.FMLTweaker
[22:15:52] [main/INFO] [GradleStart]: Extra: []
[22:15:53] [main/INFO] [GradleStart]: Running with arguments: [--userProperties, {}, --accessToken, {REDACTED}, --assetIndex, 1.7.10, --assetsDir, /Users/manszivkovicandersen/.gradle/caches/minecraft/assets, --version, 1.7.10, --tweakClass, cpw.mods.fml.common.launcher.FMLTweaker, --tweakClass, net.minecraftforge.gradle.GradleStartCommon$GradleStartTweaker]
[22:15:53] [main/INFO] [LaunchWrapper]: Loading tweak class name cpw.mods.fml.common.launcher.FMLTweaker
[22:15:53] [main/INFO] [LaunchWrapper]: Using primary tweak class name cpw.mods.fml.common.launcher.FMLTweaker
[22:15:53] [main/INFO] [LaunchWrapper]: Loading tweak class name net.minecraftforge.gradle.GradleStartCommon$GradleStartTweaker
[22:15:53] [main/INFO] [LaunchWrapper]: Calling tweak class cpw.mods.fml.common.launcher.FMLTweaker
[22:16:26] [main/INFO] [GradleStart]: Extra: []
[22:16:26] [main/INFO] [GradleStart]: Running with arguments: [--userProperties, {}, --accessToken, {REDACTED}, --assetIndex, 1.7.10, --assetsDir, /Users/manszivkovicandersen/.gradle/caches/minecraft/assets, --version, 1.7.10, --tweakClass, cpw.mods.fml.common.launcher.FMLTweaker, --tweakClass, net.minecraftforge.gradle.GradleStartCommon$GradleStartTweaker]
[22:16:27] [main/INFO] [LaunchWrapper]: Loading tweak class name cpw.mods.fml.common.launcher.FMLTweaker
[22:16:27] [main/INFO] [LaunchWrapper]: Using primary tweak class name cpw.mods.fml.common.launcher.FMLTweaker
[22:16:27] [main/INFO] [LaunchWrapper]: Loading tweak class name net.minecraftforge.gradle.GradleStartCommon$GradleStartTweaker
[22:16:27] [main/INFO] [LaunchWrapper]: Calling tweak class cpw.mods.fml.common.launcher.FMLTweaker
