[14:05:39] [main/INFO]: Setting user: Player238
[14:05:44] [Client thread/INFO]: LWJGL Version: 2.9.1
[14:06:01] [Client thread/INFO]: Reloading ResourceManager: Default, FMLFileResourcePack:Forge Mod Loader, FMLFileResourcePack:Minecraft Forge, FMLFileResourcePack:Mod test
[14:06:03] [Sound Library Loader/INFO]: Sound engine started
[14:06:07] [Client thread/INFO]: Created: 512x256 textures/blocks-atlas
[14:06:08] [Client thread/INFO]: Created: 256x256 textures/items-atlas
[14:06:08] [Client thread/INFO]: Reloading ResourceManager: Default, FMLFileResourcePack:Forge Mod Loader, FMLFileResourcePack:Minecraft Forge, FMLFileResourcePack:Mod test
[14:06:09] [Client thread/INFO]: Created: 256x256 textures/items-atlas
[14:06:10] [Client thread/INFO]: Created: 512x256 textures/blocks-atlas
[14:06:11] [Sound Library Loader/INFO]: Sound engine started
[14:06:26] [Server thread/INFO]: Starting integrated minecraft server version 1.7.10
[14:06:26] [Server thread/INFO]: Generating keypair
[14:06:27] [Server thread/INFO]: Preparing start region for level 0
[14:06:28] [Server thread/INFO]: Preparing spawn area: 91%
[14:06:29] [Server thread/INFO]: Changing view distance to 12, from 10
[14:06:30] [Server thread/INFO]: Player238[local:E:67836c9d] logged in with entity id 193 at (564.4647449173292, 10.125, 245.30196067006872)
[14:06:30] [Server thread/INFO]: Player238 joined the game
[14:06:31] [Server thread/WARN]: Can't keep up! Did the system time change, or is the server overloaded? Running 2211ms behind, skipping 44 tick(s)
[14:06:40] [Server thread/INFO]: Player238 has just earned the achievement [Taking Inventory]
[14:06:40] [Client thread/INFO]: [CHAT] Player238 has just earned the achievement [Taking Inventory]
[14:06:52] [Server thread/INFO]: Saving and pausing game...
[14:06:52] [Server thread/INFO]: Saving chunks for level 'New World'/Overworld
[14:06:52] [Server thread/INFO]: Saving chunks for level 'New World'/Nether
[14:06:52] [Server thread/INFO]: Saving chunks for level 'New World'/The End
[14:07:11] [Server thread/INFO]: Stopping server
[14:07:11] [Server thread/INFO]: Saving players
[14:07:11] [Server thread/INFO]: Saving worlds
[14:07:11] [Server thread/INFO]: Saving chunks for level 'New World'/Overworld
[14:07:11] [Server thread/INFO]: Saving chunks for level 'New World'/Nether
[14:07:11] [Server thread/INFO]: Saving chunks for level 'New World'/The End
[14:07:12] [Client thread/INFO]: Stopping!
